Determining if the pthread_create exist failed with the following output:
Change Dir: /home/alexander/robohockey/build/CMakeFiles/CMakeTmp

Run Build Command:/usr/bin/make "cmTryCompileExec936967643/fast"
/usr/bin/make -f CMakeFiles/cmTryCompileExec936967643.dir/build.make CMakeFiles/cmTryCompileExec936967643.dir/build
make[1]: Entering directory `/home/alexander/robohockey/build/CMakeFiles/CMakeTmp'
/usr/bin/cmake -E cmake_progress_report /home/alexander/robohockey/build/CMakeFiles/CMakeTmp/CMakeFiles 1
Building C object CMakeFiles/cmTryCompileExec936967643.dir/CheckSymbolExists.c.o
/usr/bin/cc    -o CMakeFiles/cmTryCompileExec936967643.dir/CheckSymbolExists.c.o   -c /home/alexander/robohockey/build/CMakeFiles/CMakeTmp/CheckSymbolExists.c
Linking C executable cmTryCompileExec936967643
/usr/bin/cmake -E cmake_link_script CMakeFiles/cmTryCompileExec936967643.dir/link.txt --verbose=1
/usr/bin/cc       CMakeFiles/cmTryCompileExec936967643.dir/CheckSymbolExists.c.o  -o cmTryCompileExec936967643 -rdynamic 
CMakeFiles/cmTryCompileExec936967643.dir/CheckSymbolExists.c.o: In function `main':
CheckSymbolExists.c:(.text+0x16): undefined reference to `pthread_create'
collect2: error: ld returned 1 exit status
make[1]: *** [cmTryCompileExec936967643] Error 1
make[1]: Leaving directory `/home/alexander/robohockey/build/CMakeFiles/CMakeTmp'
make: *** [cmTryCompileExec936967643/fast] Error 2

File /home/alexander/robohockey/build/CMakeFiles/CMakeTmp/CheckSymbolExists.c:
/* */
#include <pthread.h>

int main(int argc, char** argv)
{
  (void)argv;
#ifndef pthread_create
  return ((int*)(&pthread_create))[argc];
#else
  (void)argc;
  return 0;
#endif
}

Determining if the function pthread_create exists in the pthreads failed with the following output:
Change Dir: /home/alexander/robohockey/build/CMakeFiles/CMakeTmp

Run Build Command:/usr/bin/make "cmTryCompileExec1287678687/fast"
/usr/bin/make -f CMakeFiles/cmTryCompileExec1287678687.dir/build.make CMakeFiles/cmTryCompileExec1287678687.dir/build
make[1]: Entering directory `/home/alexander/robohockey/build/CMakeFiles/CMakeTmp'
/usr/bin/cmake -E cmake_progress_report /home/alexander/robohockey/build/CMakeFiles/CMakeTmp/CMakeFiles 1
Building C object CMakeFiles/cmTryCompileExec1287678687.dir/CheckFunctionExists.c.o
/usr/bin/cc   -DCHECK_FUNCTION_EXISTS=pthread_create   -o CMakeFiles/cmTryCompileExec1287678687.dir/CheckFunctionExists.c.o   -c /usr/share/cmake-2.8/Modules/CheckFunctionExists.c
Linking C executable cmTryCompileExec1287678687
/usr/bin/cmake -E cmake_link_script CMakeFiles/cmTryCompileExec1287678687.dir/link.txt --verbose=1
/usr/bin/cc   -DCHECK_FUNCTION_EXISTS=pthread_create    CMakeFiles/cmTryCompileExec1287678687.dir/CheckFunctionExists.c.o  -o cmTryCompileExec1287678687 -rdynamic -lpthreads 
/usr/bin/ld: cannot find -lpthreads
collect2: error: ld returned 1 exit status
make[1]: *** [cmTryCompileExec1287678687] Error 1
make[1]: Leaving directory `/home/alexander/robohockey/build/CMakeFiles/CMakeTmp'
make: *** [cmTryCompileExec1287678687/fast] Error 2


Determining if the Q_WS_WIN exist failed with the following output:
Change Dir: /home/alexander/robohockey/build/CMakeFiles/CMakeTmp

Run Build Command:/usr/bin/make "cmTryCompileExec562290682/fast"
/usr/bin/make -f CMakeFiles/cmTryCompileExec562290682.dir/build.make CMakeFiles/cmTryCompileExec562290682.dir/build
make[1]: Entering directory `/home/alexander/robohockey/build/CMakeFiles/CMakeTmp'
/usr/bin/cmake -E cmake_progress_report /home/alexander/robohockey/build/CMakeFiles/CMakeTmp/CMakeFiles 1
Building CXX object CMakeFiles/cmTryCompileExec562290682.dir/CheckSymbolExists.cxx.o
/usr/bin/c++    -I/usr/include/qt4    -o CMakeFiles/cmTryCompileExec562290682.dir/CheckSymbolExists.cxx.o -c /home/alexander/robohockey/build/CMakeFiles/CMakeTmp/CheckSymbolExists.cxx
/home/alexander/robohockey/build/CMakeFiles/CMakeTmp/CheckSymbolExists.cxx: In function ‘int main(int, char**)’:
/home/alexander/robohockey/build/CMakeFiles/CMakeTmp/CheckSymbolExists.cxx:8:19: error: ‘Q_WS_WIN’ was not declared in this scope
   return ((int*)(&Q_WS_WIN))[argc];
                   ^
make[1]: *** [CMakeFiles/cmTryCompileExec562290682.dir/CheckSymbolExists.cxx.o] Error 1
make[1]: Leaving directory `/home/alexander/robohockey/build/CMakeFiles/CMakeTmp'
make: *** [cmTryCompileExec562290682/fast] Error 2

File /home/alexander/robohockey/build/CMakeFiles/CMakeTmp/CheckSymbolExists.cxx:
/* */
#include <QtCore/qglobal.h>

int main(int argc, char** argv)
{
  (void)argv;
#ifndef Q_WS_WIN
  return ((int*)(&Q_WS_WIN))[argc];
#else
  (void)argc;
  return 0;
#endif
}

Determining if the Q_WS_QWS exist failed with the following output:
Change Dir: /home/alexander/robohockey/build/CMakeFiles/CMakeTmp

Run Build Command:/usr/bin/make "cmTryCompileExec3090763474/fast"
/usr/bin/make -f CMakeFiles/cmTryCompileExec3090763474.dir/build.make CMakeFiles/cmTryCompileExec3090763474.dir/build
make[1]: Entering directory `/home/alexander/robohockey/build/CMakeFiles/CMakeTmp'
/usr/bin/cmake -E cmake_progress_report /home/alexander/robohockey/build/CMakeFiles/CMakeTmp/CMakeFiles 1
Building CXX object CMakeFiles/cmTryCompileExec3090763474.dir/CheckSymbolExists.cxx.o
/usr/bin/c++    -I/usr/include/qt4    -o CMakeFiles/cmTryCompileExec3090763474.dir/CheckSymbolExists.cxx.o -c /home/alexander/robohockey/build/CMakeFiles/CMakeTmp/CheckSymbolExists.cxx
/home/alexander/robohockey/build/CMakeFiles/CMakeTmp/CheckSymbolExists.cxx: In function ‘int main(int, char**)’:
/home/alexander/robohockey/build/CMakeFiles/CMakeTmp/CheckSymbolExists.cxx:8:19: error: ‘Q_WS_QWS’ was not declared in this scope
   return ((int*)(&Q_WS_QWS))[argc];
                   ^
make[1]: *** [CMakeFiles/cmTryCompileExec3090763474.dir/CheckSymbolExists.cxx.o] Error 1
make[1]: Leaving directory `/home/alexander/robohockey/build/CMakeFiles/CMakeTmp'
make: *** [cmTryCompileExec3090763474/fast] Error 2

File /home/alexander/robohockey/build/CMakeFiles/CMakeTmp/CheckSymbolExists.cxx:
/* */
#include <QtCore/qglobal.h>

int main(int argc, char** argv)
{
  (void)argv;
#ifndef Q_WS_QWS
  return ((int*)(&Q_WS_QWS))[argc];
#else
  (void)argc;
  return 0;
#endif
}

Determining if the Q_WS_MAC exist failed with the following output:
Change Dir: /home/alexander/robohockey/build/CMakeFiles/CMakeTmp

Run Build Command:/usr/bin/make "cmTryCompileExec1840404055/fast"
/usr/bin/make -f CMakeFiles/cmTryCompileExec1840404055.dir/build.make CMakeFiles/cmTryCompileExec1840404055.dir/build
make[1]: Entering directory `/home/alexander/robohockey/build/CMakeFiles/CMakeTmp'
/usr/bin/cmake -E cmake_progress_report /home/alexander/robohockey/build/CMakeFiles/CMakeTmp/CMakeFiles 1
Building CXX object CMakeFiles/cmTryCompileExec1840404055.dir/CheckSymbolExists.cxx.o
/usr/bin/c++    -I/usr/include/qt4    -o CMakeFiles/cmTryCompileExec1840404055.dir/CheckSymbolExists.cxx.o -c /home/alexander/robohockey/build/CMakeFiles/CMakeTmp/CheckSymbolExists.cxx
/home/alexander/robohockey/build/CMakeFiles/CMakeTmp/CheckSymbolExists.cxx: In function ‘int main(int, char**)’:
/home/alexander/robohockey/build/CMakeFiles/CMakeTmp/CheckSymbolExists.cxx:8:19: error: ‘Q_WS_MAC’ was not declared in this scope
   return ((int*)(&Q_WS_MAC))[argc];
                   ^
make[1]: *** [CMakeFiles/cmTryCompileExec1840404055.dir/CheckSymbolExists.cxx.o] Error 1
make[1]: Leaving directory `/home/alexander/robohockey/build/CMakeFiles/CMakeTmp'
make: *** [cmTryCompileExec1840404055/fast] Error 2

File /home/alexander/robohockey/build/CMakeFiles/CMakeTmp/CheckSymbolExists.cxx:
/* */
#include <QtCore/qglobal.h>

int main(int argc, char** argv)
{
  (void)argv;
#ifndef Q_WS_MAC
  return ((int*)(&Q_WS_MAC))[argc];
#else
  (void)argc;
  return 0;
#endif
}

